<?xml version="1.0" encoding="UTF-8"?>
<!-- Generated by org.testng.reporters.JUnitXMLReporter -->
<testsuite hostname="MACTAVISH" name="Test3" tests="1" failures="0" timestamp="19 Feb 2018 17:19:27 GMT" time="0.031" errors="0">
  <testcase name="@BeforeTest Preconditions" time="0.0" classname="Framework.ValidateNavBar">
    <failure type="java.io.FileNotFoundException" message="C:\Users\HUNT\SeleniumProject\src\main\java\resources\data.properties (The system cannot find the path specified)">
      <![CDATA[java.io.FileNotFoundException: C:\Users\HUNT\SeleniumProject\src\main\java\resources\data.properties (The system cannot find the path specified)
	at java.io.FileInputStream.open0(Native Method)
	at java.io.FileInputStream.open(FileInputStream.java:195)
	at java.io.FileInputStream.<init>(FileInputStream.java:138)
	at java.io.FileInputStream.<init>(FileInputStream.java:93)
	at resources.Base_class.InitializeDriver(Base_class.java:30)
	at Framework.ValidateNavBar.Preconditions(ValidateNavBar.java:23)
... Removed 22 stack frames]]>
    </failure>
  </testcase> <!-- @BeforeTest Preconditions -->
  <testcase name="@AfterTest teardown" time="0.0" classname="Framework.ValidateNavBar">
    <skipped/>
  </testcase> <!-- @AfterTest teardown -->
  <testcase name="VerifyNavBar" time="0.015" classname="Framework.ValidateNavBar">
    <skipped/>
  </testcase> <!-- VerifyNavBar -->
</testsuite> <!-- Test3 -->
